<?xml version='1.0' encoding='UTF-8'?>
<testsuite hostname="Ajith" name="com.qbrainx.Calc" tests="4" errors="0" failures="0" skipped="0" time="0.038" timestamp="2022-03-25T11:11:50">
          <properties>
[...]
</properties>
          <testcase classname="com.qbrainx.Calc" name="mul It should be give by Zero" time="0.037">
                      
                    </testcase><testcase classname="com.qbrainx.Calc" name="div It should not be divide by Zero" time="0.0">
                      
                    </testcase><testcase classname="com.qbrainx.Calc" name="add It should be" time="0.0">
                      
                    </testcase><testcase classname="com.qbrainx.Calc" name="sub It should be" time="0.001">
                      
                    </testcase>
          <system-out><![CDATA[]]></system-out>
          <system-err><![CDATA[]]></system-err>
        </testsuite>