<?xml version="1.0"?>
<!DOCTYPE coverage SYSTEM "http://cobertura.sourceforge.net/xml/coverage-04.dtd">
<coverage 
line-rate="1.00" lines-valid="4" lines-covered="4" branches-valid="0" branches-covered="0" branch-rate="1.00" complexity="0" version="1.0" timestamp="1648186913238">
    <sources>
        <source>--source</source>
        <source>F:/ProjectTask/Calculator1/src/main/scala</source>
    </sources>
    <packages>
        <package name="com.qbrainx" line-rate="1.00" branch-rate="1.00" complexity="0">
            <classes>
                <class 
                name="com.qbrainx.Calculator" filename="com/qbrainx/Calculator.scala" line-rate="1.00" branch-rate="1.00" complexity="0">
                    <methods>
                        <method name="com.qbrainx/Calculator/sub" signature="()V" line-rate="1.00" branch-rate="1.00" complexity="0">
                            <lines>
                                <line number="9" hits="1" branch="false"/>
                            </lines>
                        </method>
                        <method name="com.qbrainx/Calculator/div" signature="()V" line-rate="1.00" branch-rate="1.00" complexity="0">
                            <lines>
                                <line number="13" hits="1" branch="false"/>
                            </lines>
                        </method>
                        <method name="com.qbrainx/Calculator/add" signature="()V" line-rate="1.00" branch-rate="1.00" complexity="0">
                            <lines>
                                <line number="7" hits="1" branch="false"/>
                            </lines>
                        </method>
                        <method name="com.qbrainx/Calculator/mul" signature="()V" line-rate="1.00" branch-rate="1.00" complexity="0">
                            <lines>
                                <line number="11" hits="1" branch="false"/>
                            </lines>
                        </method>
                    </methods>
                    <lines>
                        <line number="9" hits="1" branch="false"/>
                        <line number="13" hits="1" branch="false"/>
                        <line number="7" hits="1" branch="false"/>
                        <line number="11" hits="1" branch="false"/>
                    </lines>
</class>
            </classes>
        </package>
    </packages>
</coverage>
